0 info it worked if it ends with ok
1 verbose cli [ '/usr/local/bin/node',
1 verbose cli   '/usr/local/bin/npm',
1 verbose cli   'install',
1 verbose cli   '--save',
1 verbose cli   'dev' ]
2 info using npm@3.10.9
3 info using node@v6.8.0
4 verbose config Skipping project config: /Users/louishuang/.npmrc. (matches userconfig)
5 silly loadCurrentTree Starting
6 silly install loadCurrentTree
7 silly install readLocalPackageData
8 silly fetchPackageMetaData dev
9 silly fetchNamedPackageData dev
10 silly mapToRegistry name dev
11 silly mapToRegistry using default registry
12 silly mapToRegistry registry https://registry.npmjs.org/
13 silly mapToRegistry data Result {
13 silly mapToRegistry   raw: 'dev',
13 silly mapToRegistry   scope: null,
13 silly mapToRegistry   escapedName: 'dev',
13 silly mapToRegistry   name: 'dev',
13 silly mapToRegistry   rawSpec: '',
13 silly mapToRegistry   spec: 'latest',
13 silly mapToRegistry   type: 'tag' }
14 silly mapToRegistry uri https://registry.npmjs.org/dev
15 verbose request uri https://registry.npmjs.org/dev
16 verbose request no auth needed
17 info attempt registry request try #1 at 4:49:48 PM
18 verbose request id 27e454bad80ad693
19 http request GET https://registry.npmjs.org/dev
20 http 200 https://registry.npmjs.org/dev
21 verbose headers { server: 'CouchDB/1.5.0 (Erlang OTP/R16B03)',
21 verbose headers   etag: '"1IXHO1N7055AS1MX28FXY9674"',
21 verbose headers   'content-type': 'application/json',
21 verbose headers   'content-encoding': 'gzip',
21 verbose headers   'cache-control': 'max-age=300',
21 verbose headers   'content-length': '1394',
21 verbose headers   'accept-ranges': 'bytes',
21 verbose headers   date: 'Mon, 24 Oct 2016 23:49:48 GMT',
21 verbose headers   via: '1.1 varnish',
21 verbose headers   age: '0',
21 verbose headers   connection: 'keep-alive',
21 verbose headers   'x-served-by': 'cache-lax8644-LAX',
21 verbose headers   'x-cache': 'MISS',
21 verbose headers   'x-cache-hits': '0',
21 verbose headers   'x-timer': 'S1477352988.643319,VS0,VE84',
21 verbose headers   vary: 'Accept-Encoding' }
22 silly get cb [ 200,
22 silly get   { server: 'CouchDB/1.5.0 (Erlang OTP/R16B03)',
22 silly get     etag: '"1IXHO1N7055AS1MX28FXY9674"',
22 silly get     'content-type': 'application/json',
22 silly get     'content-encoding': 'gzip',
22 silly get     'cache-control': 'max-age=300',
22 silly get     'content-length': '1394',
22 silly get     'accept-ranges': 'bytes',
22 silly get     date: 'Mon, 24 Oct 2016 23:49:48 GMT',
22 silly get     via: '1.1 varnish',
22 silly get     age: '0',
22 silly get     connection: 'keep-alive',
22 silly get     'x-served-by': 'cache-lax8644-LAX',
22 silly get     'x-cache': 'MISS',
22 silly get     'x-cache-hits': '0',
22 silly get     'x-timer': 'S1477352988.643319,VS0,VE84',
22 silly get     vary: 'Accept-Encoding' } ]
23 verbose get saving dev to /Users/louishuang/.npm/registry.npmjs.org/dev/.cache.json
24 verbose correctMkdir /Users/louishuang/.npm correctMkdir not in flight; initializing
25 silly install normalizeTree
26 silly loadCurrentTree Finishing
27 silly loadIdealTree Starting
28 silly install loadIdealTree
29 silly cloneCurrentTree Starting
30 silly install cloneCurrentTreeToIdealTree
31 silly cloneCurrentTree Finishing
32 silly loadShrinkwrap Starting
33 silly install loadShrinkwrap
34 silly loadShrinkwrap Finishing
35 silly loadAllDepsIntoIdealTree Starting
36 silly install loadAllDepsIntoIdealTree
37 silly resolveWithNewModule dev@0.1.3 checking installable status
38 silly cache add args [ 'dev', null ]
39 verbose cache add spec dev
40 silly cache add parsed spec Result {
40 silly cache add   raw: 'dev',
40 silly cache add   scope: null,
40 silly cache add   escapedName: 'dev',
40 silly cache add   name: 'dev',
40 silly cache add   rawSpec: '',
40 silly cache add   spec: 'latest',
40 silly cache add   type: 'tag' }
41 silly addNamed dev@latest
42 verbose addNamed "latest" is being treated as a dist-tag for dev
43 info addNameTag [ 'dev', 'latest' ]
44 silly mapToRegistry name dev
45 silly mapToRegistry using default registry
46 silly mapToRegistry registry https://registry.npmjs.org/
47 silly mapToRegistry data Result {
47 silly mapToRegistry   raw: 'dev',
47 silly mapToRegistry   scope: null,
47 silly mapToRegistry   escapedName: 'dev',
47 silly mapToRegistry   name: 'dev',
47 silly mapToRegistry   rawSpec: '',
47 silly mapToRegistry   spec: 'latest',
47 silly mapToRegistry   type: 'tag' }
48 silly mapToRegistry uri https://registry.npmjs.org/dev
49 verbose addNameTag registry:https://registry.npmjs.org/dev not in flight; fetching
50 verbose get https://registry.npmjs.org/dev not expired, no request
51 silly addNameTag next cb for dev with tag latest
52 silly addNamed dev@0.1.3
53 verbose addNamed "0.1.3" is a plain semver version for dev
54 silly mapToRegistry name dev
55 silly mapToRegistry using default registry
56 silly mapToRegistry registry https://registry.npmjs.org/
57 silly mapToRegistry data Result {
57 silly mapToRegistry   raw: 'dev',
57 silly mapToRegistry   scope: null,
57 silly mapToRegistry   escapedName: 'dev',
57 silly mapToRegistry   name: 'dev',
57 silly mapToRegistry   rawSpec: '',
57 silly mapToRegistry   spec: 'latest',
57 silly mapToRegistry   type: 'tag' }
58 silly mapToRegistry uri https://registry.npmjs.org/dev
59 verbose addRemoteTarball https://registry.npmjs.org/dev/-/dev-0.1.3.tgz not in flight; adding
60 verbose addRemoteTarball [ 'https://registry.npmjs.org/dev/-/dev-0.1.3.tgz',
60 verbose addRemoteTarball   '89fdc08705e0e7eaef92d012e26751e4d744322a' ]
61 info retry fetch attempt 1 at 4:49:52 PM
62 info attempt registry request try #1 at 4:49:52 PM
63 http fetch GET https://registry.npmjs.org/dev/-/dev-0.1.3.tgz
64 http fetch 200 https://registry.npmjs.org/dev/-/dev-0.1.3.tgz
65 silly fetchAndShaCheck shasum 89fdc08705e0e7eaef92d012e26751e4d744322a
66 verbose addTmpTarball /var/folders/10/kmpqlmd57wb6s2qbzl0l5_qm0000gn/T/npm-45554-1447126f/registry.npmjs.org/dev/-/dev-0.1.3.tgz not in flight; adding
67 verbose addTmpTarball already have metadata; skipping unpack for dev@0.1.3
68 verbose correctMkdir /Users/louishuang/.npm correctMkdir not in flight; initializing
69 silly cache afterAdd dev@0.1.3
70 verbose afterAdd /Users/louishuang/.npm/dev/0.1.3/package/package.json not in flight; writing
71 verbose correctMkdir /Users/louishuang/.npm correctMkdir not in flight; initializing
72 verbose afterAdd /Users/louishuang/.npm/dev/0.1.3/package/package.json written
73 silly fetchNamedPackageData inotify
74 silly mapToRegistry name inotify
75 silly mapToRegistry using default registry
76 silly mapToRegistry registry https://registry.npmjs.org/
77 silly mapToRegistry data Result {
77 silly mapToRegistry   raw: 'inotify',
77 silly mapToRegistry   scope: null,
77 silly mapToRegistry   escapedName: 'inotify',
77 silly mapToRegistry   name: 'inotify',
77 silly mapToRegistry   rawSpec: '',
77 silly mapToRegistry   spec: 'latest',
77 silly mapToRegistry   type: 'tag' }
78 silly mapToRegistry uri https://registry.npmjs.org/inotify
79 verbose request uri https://registry.npmjs.org/inotify
80 verbose request no auth needed
81 info attempt registry request try #1 at 4:49:52 PM
82 http request GET https://registry.npmjs.org/inotify
83 http 200 https://registry.npmjs.org/inotify
84 verbose headers { server: 'CouchDB/1.6.1 (Erlang OTP/R16B03)',
84 verbose headers   etag: '"2V1LOI5CGQOOFRYZZ7CR6I1W2"',
84 verbose headers   'content-type': 'application/json',
84 verbose headers   'content-encoding': 'gzip',
84 verbose headers   'cache-control': 'max-age=300',
84 verbose headers   'content-length': '6583',
84 verbose headers   'accept-ranges': 'bytes',
84 verbose headers   date: 'Mon, 24 Oct 2016 23:49:53 GMT',
84 verbose headers   via: '1.1 varnish',
84 verbose headers   age: '0',
84 verbose headers   connection: 'keep-alive',
84 verbose headers   'x-served-by': 'cache-lax8644-LAX',
84 verbose headers   'x-cache': 'MISS',
84 verbose headers   'x-cache-hits': '0',
84 verbose headers   'x-timer': 'S1477352992.813869,VS0,VE343',
84 verbose headers   vary: 'Accept-Encoding' }
85 silly get cb [ 200,
85 silly get   { server: 'CouchDB/1.6.1 (Erlang OTP/R16B03)',
85 silly get     etag: '"2V1LOI5CGQOOFRYZZ7CR6I1W2"',
85 silly get     'content-type': 'application/json',
85 silly get     'content-encoding': 'gzip',
85 silly get     'cache-control': 'max-age=300',
85 silly get     'content-length': '6583',
85 silly get     'accept-ranges': 'bytes',
85 silly get     date: 'Mon, 24 Oct 2016 23:49:53 GMT',
85 silly get     via: '1.1 varnish',
85 silly get     age: '0',
85 silly get     connection: 'keep-alive',
85 silly get     'x-served-by': 'cache-lax8644-LAX',
85 silly get     'x-cache': 'MISS',
85 silly get     'x-cache-hits': '0',
85 silly get     'x-timer': 'S1477352992.813869,VS0,VE343',
85 silly get     vary: 'Accept-Encoding' } ]
86 verbose get saving inotify to /Users/louishuang/.npm/registry.npmjs.org/inotify/.cache.json
87 verbose correctMkdir /Users/louishuang/.npm correctMkdir not in flight; initializing
88 silly resolveWithNewModule inotify@1.4.1 checking installable status
89 silly rollbackFailedOptional Starting
90 silly rollbackFailedOptional Finishing
91 silly runTopLevelLifecycles Finishing
92 silly install printInstalled
93 verbose stack Error: Unsupported platform for inotify@1.4.1: wanted {"name":"inotify","version":"1.4.1","author":{"name":"Camilo Aguilar","email":"camilo.aguilar@gmail.com"},"email":"camilo.aguilar@gmail.com","keywords":["inotify","watch","monitor","watch files","watch directories"],"license":"MIT","description":"inotify bindings for v8 javascript engine","repository":{"type":"git","url":"git+ssh://git@github.com/c4milo/node-inotify.git"},"os":["linux"],"engines":{"node":">=0.8"},"main":"inotify","dependencies":{"bindings":"^1.2.1","nan":"^2.3.3"},"scripts":{"test":"node-gyp configure build","install":"node-gyp rebuild"},"gypfile":true,"contributors":[{"name":"Adrian Estrada","email":"edsadr@gmail.com"},{"name":"Alexander Makarenko","email":"estliberitas@gmail.com"},{"name":"Brian Ingalls","email":"bingalls@compete.com"},{"name":"Brian White","email":"mscdex@mscdex.net"},{"name":"Camilo Aguilar","email":"camilo.aguilar@gmail.com"},{"name":"Dan VerWeire","email":"dverweire@gmail.com"},{"name":"FrozenCow","email":"frozencow@gmail.com"},{"name":"Michael Boe","email":"mschuylerb@gmail.com"},{"name":"Yannick Croissant","email":"k1der.country@free.fr"},{"name":"ikokostya","email":"ikokostya@gmail.com"}],"gitHead":"c1416dfada3ca4f3fb40e65eededc52461822ec5","bugs":{"url":"https://github.com/c4milo/node-inotify/issues"},"homepage":"https://github.com/c4milo/node-inotify#readme","_id":"inotify@1.4.1","_shasum":"8abdeb7ee9cbc291542a252df00d848b2a8f9287","_from":"inotify@>= 0.1.6","_npmVersion":"3.8.6","_nodeVersion":"5.11.0","_npmUser":{"name":"c4milo","email":"camilo.aguilar@gmail.com"},"maintainers":[{"name":"camilo","email":"camilo@cloudescape.com"},{"name":"c4milo","email":"camilo.aguilar@gmail.com"}],"dist":{"shasum":"8abdeb7ee9cbc291542a252df00d848b2a8f9287","tarball":"https://registry.npmjs.org/inotify/-/inotify-1.4.1.tgz"},"_npmOperationalInternal":{"host":"packages-16-east.internal.npmjs.com","tmp":"tmp/inotify-1.4.1.tgz_1462444544613_0.7660284182056785"},"directories":{},"_resolved":"https://registry.npmjs.org/inotify/-/inotify-1.4.1.tgz","_requested":{"raw":"inotify@>= 0.1.6","scope":null,"escapedName":"inotify","name":"inotify","rawSpec":">= 0.1.6","spec":">=0.1.6","type":"range"},"_spec":"inotify@>= 0.1.6","_where":"/Users/louishuang/node_modules/dev","_args":[[{"raw":"inotify@>= 0.1.6","scope":null,"escapedName":"inotify","name":"inotify","rawSpec":">= 0.1.6","spec":">=0.1.6","type":"range"},"/Users/louishuang/node_modules/dev"]],"readme":"ERROR: No README data found!"} (current: {"os":"darwin","cpu":"x64"})
93 verbose stack     at checkPlatform (/usr/local/lib/node_modules/npm/node_modules/npm-install-checks/index.js:45:14)
93 verbose stack     at thenWarnEngineIssues (/usr/local/lib/node_modules/npm/lib/install/validate-args.js:41:5)
93 verbose stack     at /usr/local/lib/node_modules/npm/node_modules/iferr/index.js:13:50
93 verbose stack     at checkEngine (/usr/local/lib/node_modules/npm/node_modules/npm-install-checks/index.js:24:10)
93 verbose stack     at module.exports.isInstallable (/usr/local/lib/node_modules/npm/lib/install/validate-args.js:38:3)
93 verbose stack     at resolveWithNewModule (/usr/local/lib/node_modules/npm/lib/install/deps.js:509:10)
93 verbose stack     at /usr/local/lib/node_modules/npm/lib/install/deps.js:452:9
93 verbose stack     at /usr/local/lib/node_modules/npm/node_modules/iferr/index.js:13:50
93 verbose stack     at /usr/local/lib/node_modules/npm/lib/fetch-package-metadata.js:37:12
93 verbose stack     at addRequestedAndFinish (/usr/local/lib/node_modules/npm/lib/fetch-package-metadata.js:67:5)
94 verbose pkgid inotify@1.4.1
95 verbose cwd /Users/louishuang/Documents/angular2_workplace/recipe-book
96 error Darwin 14.5.0
97 error argv "/usr/local/bin/node" "/usr/local/bin/npm" "install" "--save" "dev"
98 error node v6.8.0
99 error npm  v3.10.9
100 error code EBADPLATFORM
101 error notsup Unsupported platform for inotify@1.4.1: wanted {"os":"linux","arch":"any"} (current: {"os":"darwin","arch":"x64"})
102 error notsup Valid OS:    linux
102 error notsup Valid Arch:  any
102 error notsup Actual OS:   darwin
102 error notsup Actual Arch: x64
103 verbose exit [ 1, true ]
